Running ant (compile.tests)................................................ FAIL
Executed command:  cd /Users/sanjitkumar/personal_projects/CollegeIllinois/SoftwareEngineeringPrinciples/milestone3/project_repo/defects4j/Mockito_7/Patched-Version && ant -f /Users/sanjitkumar/personal_projects/CollegeIllinois/SoftwareEngineeringPrinciples/milestone1/defects4j/framework/projects/defects4j.build.xml -Dd4j.home=/Users/sanjitkumar/personal_projects/CollegeIllinois/SoftwareEngineeringPrinciples/milestone1/defects4j -Dd4j.dir.projects=/Users/sanjitkumar/personal_projects/CollegeIllinois/SoftwareEngineeringPrinciples/milestone1/defects4j/framework/projects -Dbasedir=/Users/sanjitkumar/personal_projects/CollegeIllinois/SoftwareEngineeringPrinciples/milestone3/project_repo/defects4j/Mockito_7/Patched-Version -Dbuild.compiler=javac1.7  compile.tests 2>&1
Java HotSpot(TM) 64-Bit Server VM warning: ignoring option MaxPermSize=1G; support was removed in 8.0
Buildfile: /Users/sanjitkumar/personal_projects/CollegeIllinois/SoftwareEngineeringPrinciples/milestone1/defects4j/framework/projects/defects4j.build.xml

compile:

gradle.compile:
   [delete] Deleting: /Users/sanjitkumar/personal_projects/CollegeIllinois/SoftwareEngineeringPrinciples/milestone3/project_repo/defects4j/Mockito_7/Patched-Version/buildSrc/src/test/groovy/org/mockito/release/notes/improvements/GitHubTicketFetcherTest.groovy
     [exec] Downloading file:/Users/sanjitkumar/personal_projects/CollegeIllinois/SoftwareEngineeringPrinciples/milestone1/defects4j/framework/lib/build_systems/gradle/dists/gradle-2.2.1-all.zip
     [exec] ..................................................................................................................................................................................................................................................................................................................................................................................................................................................................................................................................................................................................................................................................................................................................................................................................................................................................................................................................................................................................................................................................................................................................................................................................................................................................................................................................................................................................................................................................................................................................................................................................................................................................................................................................................................................................................................................................................................................................................................................................................................................................................................................................................................................................................................................................................................................................................................................................................................................................................................................................................................................................................................................................................................................................................................................................................................................................................................................................................................................................................................................
     [exec] Unzipping /Users/sanjitkumar/personal_projects/CollegeIllinois/SoftwareEngineeringPrinciples/milestone3/project_repo/defects4j/Mockito_7/Patched-Version/.gradle_local_home/wrapper/dists/gradle-2.2.1-all/6brq4u01bhmp7d2jvgdo1ckkmo/gradle-2.2.1-all.zip to /Users/sanjitkumar/personal_projects/CollegeIllinois/SoftwareEngineeringPrinciples/milestone3/project_repo/defects4j/Mockito_7/Patched-Version/.gradle_local_home/wrapper/dists/gradle-2.2.1-all/6brq4u01bhmp7d2jvgdo1ckkmo
     [exec] Set executable permissions for: /Users/sanjitkumar/personal_projects/CollegeIllinois/SoftwareEngineeringPrinciples/milestone3/project_repo/defects4j/Mockito_7/Patched-Version/.gradle_local_home/wrapper/dists/gradle-2.2.1-all/6brq4u01bhmp7d2jvgdo1ckkmo/gradle-2.2.1/bin/gradle
     [exec] Parallel execution is an incubating feature.
     [exec] :buildSrc:clean UP-TO-DATE
     [exec] :buildSrc:compileJava UP-TO-DATE
     [exec] Note: Some input files use unchecked or unsafe operations.
     [exec] Note: Recompile with -Xlint:unchecked for details.
     [exec] :buildSrc:compileGroovy
     [exec] :buildSrc:processResources
     [exec] :buildSrc:classes
     [exec] :buildSrc:jar
     [exec] :buildSrc:assemble
     [exec] :buildSrc:compileTestJava UP-TO-DATE
     [exec] :buildSrc:compileTestGroovy
     [exec] :buildSrc:processTestResources UP-TO-DATE
     [exec] :buildSrc:testClasses
     [exec] :buildSrc:test
     [exec] :buildSrc:check
     [exec] :buildSrc:build
     [exec] Download https://jcenter.bintray.com/com/android/tools/build/gradle/0.11.2/gradle-0.11.2.pom
     [exec] POM relocation to an other version number is not fully supported in Gradle : xml-apis#xml-apis;2.0.2 relocated to xml-apis#xml-apis;1.0.b2.
     [exec] Please update your dependency to directly use the correct version 'xml-apis#xml-apis;1.0.b2'.
     [exec] Resolution will only pick dependencies of the relocated element.  Artifacts and other metadata will be ignored.
     [exec] Version: 1.10.19
     [exec] :compileJava
     [exec] :testng:processResources
     [exec] :extTest:compileJava UP-TO-DATE
     [exec] :testng:processResources UP-TO-DATE
     [exec] :extTest:processResources UP-TO-DATE
     [exec] :extTest:classes UP-TO-DATE
     [exec] Note: Some input files use or override a deprecated API.
     [exec] Note: Recompile with -Xlint:deprecation for details.
     [exec] Note: Some input files use unchecked or unsafe operations.
     [exec] Note: Recompile with -Xlint:unchecked for details.
     [exec] :processResources UP-TO-DATE
     [exec] :classes
     [exec] Java HotSpot(TM) 64-Bit Server VM warning: ignoring option MaxPermSize=1G; support was removed in 8.0
     [exec] :jar
     [exec] Buildfile: /Users/sanjitkumar/personal_projects/CollegeIllinois/SoftwareEngineeringPrinciples/milestone3/project_repo/defects4j/Mockito_7/Patched-Version/build-ant.xml
     [exec] 
     [exec] bndCore:
     [exec]       [bnd] # org.mockito.mockito-core (mockito-core-1.10.19.jar.bnd) 736 
     [exec] 
     [exec] osgify.mockito-core:
     [exec]       [zip] Updating zip: /Users/sanjitkumar/personal_projects/CollegeIllinois/SoftwareEngineeringPrinciples/milestone3/project_repo/defects4j/Mockito_7/Patched-Version/build/libs/mockito-core-1.10.19.jar
     [exec] 
     [exec] BUILD SUCCESSFUL
     [exec] Total time: 2 seconds
     [exec] Note: /Users/sanjitkumar/personal_projects/CollegeIllinois/SoftwareEngineeringPrinciples/milestone3/project_repo/defects4j/Mockito_7/Patched-Version/subprojects/testng/src/main/java/org/mockito/testng/MockitoBeforeTestNGMethod.java uses unchecked or unsafe operations.
     [exec] Note: Recompile with -Xlint:unchecked for details.
     [exec] :testng:compileJava
     [exec] :testng:classes
     [exec] 
     [exec] BUILD SUCCESSFUL
     [exec] 
     [exec] Total time: 1 mins 1.001 secs
     [exec] No Gradle daemons are running.

ant.compile:

gradle.compile.mutants:

ant.compile.mutants:
    [mkdir] Created dir: /Users/sanjitkumar/personal_projects/CollegeIllinois/SoftwareEngineeringPrinciples/milestone3/project_repo/defects4j/Mockito_7/Patched-Version/compileLib
     [exec] POM relocation to an other version number is not fully supported in Gradle : xml-apis#xml-apis;2.0.2 relocated to xml-apis#xml-apis;1.0.b2.

compile.tests:

gradle.compile.tests:
     [exec] Parallel execution is an incubating feature.
     [exec] :buildSrc:compileJava UP-TO-DATE
     [exec] :buildSrc:compileGroovy UP-TO-DATE
     [exec] :buildSrc:processResources UP-TO-DATE
     [exec] :buildSrc:classes UP-TO-DATE
     [exec] :buildSrc:jar UP-TO-DATE
     [exec] :buildSrc:assemble UP-TO-DATE
     [exec] :buildSrc:compileTestJava UP-TO-DATE
     [exec] :buildSrc:compileTestGroovy UP-TO-DATE
     [exec] :buildSrc:processTestResources UP-TO-DATE
     [exec] :buildSrc:testClasses UP-TO-DATE
     [exec] :buildSrc:test UP-TO-DATE
     [exec] :buildSrc:check UP-TO-DATE
     [exec] :buildSrc:build UP-TO-DATE
     [exec] POM relocation to an other version number is not fully supported in Gradle : xml-apis#xml-apis;2.0.2 relocated to xml-apis#xml-apis;1.0.b2.
     [exec] Please update your dependency to directly use the correct version 'xml-apis#xml-apis;1.0.b2'.
     [exec] Resolution will only pick dependencies of the relocated element.  Artifacts and other metadata will be ignored.
     [exec] Version: 1.10.19
     [exec] :compileJava
     [exec] :testng:processResources
     [exec] :extTest:compileJava UP-TO-DATE
     [exec] :testng:processResources UP-TO-DATE
     [exec] :extTest:processResources
     [exec] :testng:processTestResources UP-TO-DATE
     [exec] :extTest:classes UP-TO-DATE
     [exec] :extTest:processTestResources
     [exec] :compileJava UP-TO-DATE
     [exec] :processResources UP-TO-DATE
     [exec] :classes UP-TO-DATE
     [exec] /Users/sanjitkumar/personal_projects/CollegeIllinois/SoftwareEngineeringPrinciples/milestone3/project_repo/defects4j/Mockito_7/Patched-Version/test/org/mockito/internal/util/reflection/ErrorTest0.java:3: error: cannot find symbol
     [exec] import org.junit.FixMethodOrder;
     [exec]                 ^
     [exec]   symbol:   class FixMethodOrder
     [exec]   location: package org.junit
     [exec] /Users/sanjitkumar/personal_projects/CollegeIllinois/SoftwareEngineeringPrinciples/milestone3/project_repo/defects4j/Mockito_7/Patched-Version/test/org/mockito/internal/util/reflection/ErrorTest0.java:5: error: cannot find symbol
     [exec] import org.junit.runners.MethodSorters;
     [exec]                         ^
     [exec]   symbol:   class MethodSorters
     [exec]   location: package org.junit.runners
     [exec] /Users/sanjitkumar/personal_projects/CollegeIllinois/SoftwareEngineeringPrinciples/milestone3/project_repo/defects4j/Mockito_7/Patched-Version/test/org/mockito/internal/util/reflection/ErrorTest0.java:7: error: cannot find symbol
     [exec] @FixMethodOrder(MethodSorters.NAME_ASCENDING)
     [exec]  ^
     [exec]   symbol: class FixMethodOrder
     [exec] :compileTestJava FAILED
     [exec] Note: Some input files use or override a deprecated API.
     [exec] Note: Recompile with -Xlint:deprecation for details.
     [exec] Note: Some input files use unchecked or unsafe operations.
     [exec] Note: Recompile with -Xlint:unchecked for details.
     [exec] 3 errors
     [exec] 
     [exec] FAILURE: Build failed with an exception.
     [exec] 
     [exec] * What went wrong:
     [exec] Execution failed for task ':compileTestJava'.
     [exec] > Compilation failed; see the compiler error output for details.
     [exec] 
     [exec] * Try:
     [exec] Run with --stacktrace option to get the stack trace. Run with --info or --debug option to get more log output.
     [exec] 
     [exec] BUILD FAILED
     [exec] 
     [exec] Total time: 31.665 secs

BUILD FAILED
/Users/sanjitkumar/personal_projects/CollegeIllinois/SoftwareEngineeringPrinciples/milestone1/defects4j/framework/projects/Mockito/Mockito.build.xml:165: The following error occurred while executing this line:
/Users/sanjitkumar/personal_projects/CollegeIllinois/SoftwareEngineeringPrinciples/milestone1/defects4j/framework/projects/Mockito/Mockito.build.xml:99: exec returned: 1

Total time: 1 minute 54 seconds
Cannot compile test suite! at /Users/sanjitkumar/personal_projects/CollegeIllinois/SoftwareEngineeringPrinciples/milestone1/defects4j/framework/bin/d4j/d4j-test line 134.
Compilation failed in require at /Users/sanjitkumar/personal_projects/CollegeIllinois/SoftwareEngineeringPrinciples/milestone1/defects4j/framework/bin/defects4j line 195.
